<?xml version="1.0" encoding="UTF-8"?>
<testsuite name="ru.stqa.pft.addressbook.test.GroupCreationTests" tests="4" skipped="0" failures="0" errors="0" timestamp="2017-05-15T19:32:18" hostname="LAPTOP-U2BIC6QQ" time="10.102">
  <properties/>
  <testcase name="testFileCreation" classname="ru.stqa.pft.addressbook.test.GroupCreationTests" time="0.001"/>
  <testcase name="testGroupCreation[0](GroupData{id=0, name='name0'})" classname="ru.stqa.pft.addressbook.test.GroupCreationTests" time="4.111"/>
  <testcase name="testGroupCreation[1](GroupData{id=0, name='name1'})" classname="ru.stqa.pft.addressbook.test.GroupCreationTests" time="2.941"/>
  <testcase name="testGroupCreation[2](GroupData{id=0, name='name2'})" classname="ru.stqa.pft.addressbook.test.GroupCreationTests" time="2.887"/>
  <system-out><![CDATA[C:\JavaTraining\java_tasks\addressbook-web-tests\.
]]></system-out>
  <system-err><![CDATA[]]></system-err>
</testsuite>
