<?xml version="1.0" encoding="UTF-8"?>
<testsuite name="ru.stqa.pft.addressbook.test.GroupModificationTests" tests="1" skipped="0" failures="0" errors="0" timestamp="2017-05-15T19:32:28" hostname="LAPTOP-U2BIC6QQ" time="2.977">
  <properties/>
  <testcase name="testGroupModification" classname="ru.stqa.pft.addressbook.test.GroupModificationTests" time="2.977"/>
  <system-out><![CDATA[]]></system-out>
  <system-err><![CDATA[]]></system-err>
</testsuite>
