<?xml version="1.0" encoding="UTF-8"?>
<testsuite name="ru.stqa.pft.addressbook.test.ContactDeletionTests" tests="1" skipped="0" failures="0" errors="0" timestamp="2017-05-15T19:33:32" hostname="LAPTOP-U2BIC6QQ" time="3.893">
  <properties/>
  <testcase name="testContactDeletion" classname="ru.stqa.pft.addressbook.test.ContactDeletionTests" time="3.893"/>
  <system-out><![CDATA[]]></system-out>
  <system-err><![CDATA[]]></system-err>
</testsuite>
