<?xml version="1.0" encoding="UTF-8"?>
<testsuite name="ru.stqa.pft.addressbook.test.ContactModificationTests" tests="1" skipped="0" failures="0" errors="0" timestamp="2017-05-15T19:33:26" hostname="LAPTOP-U2BIC6QQ" time="5.571">
  <properties/>
  <testcase name="testContactModification" classname="ru.stqa.pft.addressbook.test.ContactModificationTests" time="5.571"/>
  <system-out><![CDATA[]]></system-out>
  <system-err><![CDATA[]]></system-err>
</testsuite>
