<?xml version="1.0" encoding="UTF-8"?>
<testsuite name="ru.stqa.pft.addressbook.test.ContactCreationTests" tests="3" skipped="0" failures="0" errors="0" timestamp="2017-05-15T19:33:09" hostname="LAPTOP-U2BIC6QQ" time="17.007">
  <properties/>
  <testcase name="testContactCreation[0](ContactData{id=0, firstName='fname0', lastName='lname0'})" classname="ru.stqa.pft.addressbook.test.ContactCreationTests" time="7.137"/>
  <testcase name="testContactCreation[1](ContactData{id=0, firstName='fname1', lastName='lname1'})" classname="ru.stqa.pft.addressbook.test.ContactCreationTests" time="4.784"/>
  <testcase name="testContactCreation[2](ContactData{id=0, firstName='fname2', lastName='lname2'})" classname="ru.stqa.pft.addressbook.test.ContactCreationTests" time="5.085"/>
  <system-out><![CDATA[]]></system-out>
  <system-err><![CDATA[]]></system-err>
</testsuite>
